{"message":"Server is running on port","level":"error"}
{"message":"Server is running on port","level":"info"}
{"message":"Server is running on port","level":"info"}
{"message":"Server is running on port","level":"info"}
{"message":"Server is running on port","level":"info"}
{"message":"Server is running on port","level":"info"}
{"message":"Server is running on port","level":"info"}
{"message":"Server is running on port","level":"info"}
{"message":"Server is running on port","level":"info"}
{"message":"Server is running on port","level":"info"}
{"message":"CATCH :: Some error occurred while creating the USER.","level":"error"}
{"message":"Server is running on port","level":"info"}
{"message":"Server is running on port","level":"info"}
{"message":"Server is running on port","level":"info"}
{"message":"Server is running on port","level":"info"}
{"message":"Server is running on port","level":"info"}
{"message":"Server is running on port","level":"info"}
{"message":"E-mail already in use","level":"error"}
{"message":"Passwords must be same","level":"error"}
{"message":"Inserted succssfully","level":"info"}
{"message":"Inserted succssfully","level":"info"}
{"message":"Server is running on port","level":"info"}
{"message":"Server is running on port","level":"info"}
{"message":"Server is running on port","level":"info"}
{"message":"E-mail already in use","level":"error"}
{"message":"Server is running on port","level":"info"}
{"message":"Server is running on port","level":"info"}
{"message":"Server is running on port","level":"info"}
{"message":"Passwords must be same","level":"error"}
{"message":"E-mail already in use","level":"error"}
{"message":"Server is running on port","level":"info"}
{"message":"Server is running on port","level":"info"}
{"message":"Server is running on port","level":"info"}
{"message":"Inserted succssfully","level":"info"}
{"message":"Server is running on port","level":"info"}
{"message":"Server is running on port","level":"info"}
{"message":"Server is running on port","level":"info"}
{"message":"Server is running on port","level":"info"}
{"message":"Server is running on port","level":"info"}
{"message":"Inserted succssfully","level":"info"}
{"message":"Inserted succssfully","level":"info"}
{"message":"Server is running on port","level":"info"}
{"message":"Server is running on port","level":"info"}
{"message":"Server is running on port","level":"info"}
{"message":"Server is running on port","level":"info"}
{"message":"Server is running on port","level":"info"}
{"message":"Server is running on port","level":"info"}
{"message":"Server is running on port","level":"info"}
{"message":"Server is running on port","level":"info"}
{"message":"E-mail already in use","level":"error"}
{"message":"Server is running on port","level":"info"}
{"message":"E-mail already in use","level":"error"}
{"message":"Server is running on port","level":"info"}
{"message":"Server is running on port","level":"info"}
{"message":"Server is running on port","level":"info"}
{"message":"Server is running on port","level":"info"}
{"message":"E-mail already in use","level":"error"}
{"message":"Server is running on port","level":"info"}
{"message":"Server is running on port","level":"info"}
{"message":"E-mail already in use","level":"error"}
{"message":"Server is running on port","level":"info"}
{"message":"Server is running on port","level":"info"}
{"message":"E-mail already in use","level":"error"}
{"message":"Server is running on port","level":"info"}
{"message":"Server is running on port","level":"info"}
{"message":"Server is running on port","level":"info"}
{"message":"Inserted succssfully","level":"info"}
{"message":"Server is running on port","level":"info"}
{"message":"E-mail already in use","level":"error"}
{"message":"E-mail already in use","level":"error"}
{"message":"Server is running on port","level":"info"}
{"message":"Server is running on port","level":"info"}
{"message":"Server is running on port","level":"info"}
{"message":"Server is running on port","level":"info"}
{"message":"Server is running on port","level":"info"}
{"message":"Server is running on port","level":"info"}
{"message":"Server is running on port","level":"info"}
{"message":"Server is running on port","level":"info"}
{"message":"Server is running on port","level":"info"}
{"message":"Server is running on port","level":"info"}
{"message":"Server is running on port","level":"info"}
{"message":"Server is running on port","level":"info"}
